<?xml version="1.0" encoding="UTF-8"?>
<!-- Generated by org.testng.reporters.JUnitReportReporter -->
<testsuite hostname="Kotresh" failures="0" tests="1" name="vtiger.Practice.PracticeTESTNG" time="0.085" errors="0" timestamp="2023-03-21T11:41:28 IST" skipped="0">
  <testcase classname="vtiger.Practice.PracticeTESTNG" name="practiceTESTNG" time="0.085"/>
  <system-out/>
</testsuite> <!-- vtiger.Practice.PracticeTESTNG -->
