<?xml version="1.0" encoding="UTF-8"?>
<!-- Generated by org.testng.reporters.JUnitReportReporter -->
<testsuite hostname="Kotresh" failures="0" tests="1" name="vtiger.Practice.WebTable" time="69.334" errors="0" timestamp="2023-04-26T10:50:40 IST" skipped="0">
  <testcase classname="vtiger.Practice.WebTable" name="webTable" time="69.334"/>
  <system-out>
    <![CDATA[browser is launched
logged in to App
navigated to organisation link]]>
  </system-out>
</testsuite> <!-- vtiger.Practice.WebTable -->
