<?xml version="1.0" encoding="UTF-8"?>
<!-- Generated by org.testng.reporters.JUnitReportReporter -->
<testsuite hostname="Kotresh" failures="0" tests="1" name="vtiger.Practice.JDBC_Execute_Update" time="2.182" errors="0" timestamp="2023-05-07T23:47:54 IST" skipped="0">
  <testcase classname="vtiger.Practice.JDBC_Execute_Update" name="sample" time="2.182"/>
  <system-out/>
</testsuite> <!-- vtiger.Practice.JDBC_Execute_Update -->
