<?xml version="1.0" encoding="UTF-8"?>
<!-- Generated by org.testng.reporters.JUnitReportReporter -->
<testsuite hostname="Kotresh" failures="0" tests="1" name="vitiger.Contacts.Tests.CreateContactWithOrganizationTest" time="115.608" errors="0" timestamp="2023-04-03T18:48:36 IST" skipped="0">
  <testcase classname="vitiger.Contacts.Tests.CreateContactWithOrganizationTest" name="CreateContactWithOrgTest" time="115.608"/>
  <system-out/>
</testsuite> <!-- vitiger.Contacts.Tests.CreateContactWithOrganizationTest -->
