<?xml version="1.0" encoding="UTF-8"?>
<!-- Generated by org.testng.reporters.JUnitReportReporter -->
<testsuite hostname="Kotresh" failures="0" tests="1" name="vtiger.Practice.SampleJDBC_ExequteQuery" time="1.841" errors="0" timestamp="2023-06-29T17:13:35 IST" skipped="0">
  <testcase classname="vtiger.Practice.SampleJDBC_ExequteQuery" name="sample" time="1.841"/>
  <system-out/>
</testsuite> <!-- vtiger.Practice.SampleJDBC_ExequteQuery -->
